2021-11-03 12:05:03 [main.py:23] cli INFO - Version:2.5.1
2021-11-03 12:05:03 [core.py:174] get_user_info INFO - Get user information.
2021-11-03 12:05:03 [core.py:510] get_access_token INFO - Get ACCESS_TOKEN.
2021-11-03 12:05:04 [core.py:101] get_file_list INFO - Get the list of parent_file_id root.
2021-11-03 12:05:04 [main.py:23] cli INFO - Version:2.5.1
2021-11-03 12:05:04 [core.py:174] get_user_info INFO - Get user information.
2021-11-03 12:05:04 [core.py:510] get_access_token INFO - Get ACCESS_TOKEN.
2021-11-03 12:05:04 [core.py:101] get_file_list INFO - Get the list of parent_file_id root.
2021-11-03 12:05:05 [core.py:101] get_file_list INFO - Get the list of parent_file_id 617ca15becc3c8265e074df8a6959eabf865988e.
2021-11-03 12:05:05 [main.py:23] cli INFO - Version:2.5.1
2021-11-03 12:05:05 [core.py:174] get_user_info INFO - Get user information.
2021-11-03 12:05:05 [core.py:510] get_access_token INFO - Get ACCESS_TOKEN.
2021-11-03 12:05:06 [core.py:101] get_file_list INFO - Get the list of parent_file_id root.
2021-11-03 12:05:06 [main.py:23] cli INFO - Version:2.5.1
2021-11-03 12:05:06 [core.py:174] get_user_info INFO - Get user information.
2021-11-03 12:05:06 [core.py:510] get_access_token INFO - Get ACCESS_TOKEN.
2021-11-03 12:05:07 [core.py:101] get_file_list INFO - Get the list of parent_file_id root.
2021-11-03 12:05:07 [core.py:101] get_file_list INFO - Get the list of parent_file_id 617ca15becc3c8265e074df8a6959eabf865988e.
2021-11-03 12:05:07 [core.py:101] get_file_list INFO - Get the list of parent_file_id 617ca11a7cdca30d45b2474fa2ec2ee3e6566790.
2021-11-03 12:05:07 [core.py:101] get_file_list INFO - Get the list of parent_file_id 617e06d91fe77a9e0d3f4981aa17f59e891b1833.
2021-11-03 12:05:07 [main.py:23] cli INFO - Version:2.5.1
2021-11-03 12:05:07 [core.py:174] get_user_info INFO - Get user information.
2021-11-03 12:05:07 [core.py:510] get_access_token INFO - Get ACCESS_TOKEN.
2021-11-03 12:05:08 [core.py:101] get_file_list INFO - Get the list of parent_file_id root.
2021-11-03 12:05:08 [core.py:101] get_file_list INFO - Get the list of parent_file_id 617ca15becc3c8265e074df8a6959eabf865988e.
2021-11-03 12:05:08 [core.py:101] get_file_list INFO - Get the list of parent_file_id 617ca11a7cdca30d45b2474fa2ec2ee3e6566790.
2021-11-03 12:05:08 [main.py:23] cli INFO - Version:2.5.1
2021-11-03 12:05:08 [core.py:174] get_user_info INFO - Get user information.
2021-11-03 12:05:08 [core.py:510] get_access_token INFO - Get ACCESS_TOKEN.
2021-11-03 12:05:09 [core.py:101] get_file_list INFO - Get the list of parent_file_id root.
2021-11-03 12:20:45 [main.py:23] cli INFO - Version:2.5.1
2021-11-03 12:20:45 [core.py:174] get_user_info INFO - Get user information.
2021-11-03 12:20:45 [core.py:510] get_access_token INFO - Get ACCESS_TOKEN.
2021-11-03 12:20:45 [core.py:101] get_file_list INFO - Get the list of parent_file_id root.
2021-11-03 12:20:46 [main.py:23] cli INFO - Version:2.5.1
2021-11-03 12:20:46 [core.py:174] get_user_info INFO - Get user information.
2021-11-03 12:20:46 [core.py:510] get_access_token INFO - Get ACCESS_TOKEN.
2021-11-03 12:20:46 [core.py:101] get_file_list INFO - Get the list of parent_file_id root.
2021-11-03 12:20:46 [core.py:101] get_file_list INFO - Get the list of parent_file_id 617ca15becc3c8265e074df8a6959eabf865988e.
2021-11-03 12:20:47 [main.py:23] cli INFO - Version:2.5.1
2021-11-03 12:20:47 [core.py:174] get_user_info INFO - Get user information.
2021-11-03 12:20:47 [core.py:510] get_access_token INFO - Get ACCESS_TOKEN.
2021-11-03 12:20:47 [core.py:101] get_file_list INFO - Get the list of parent_file_id root.
2021-11-03 12:20:48 [core.py:101] get_file_list INFO - Get the list of parent_file_id 617ca15becc3c8265e074df8a6959eabf865988e.
2021-11-03 12:20:48 [core.py:101] get_file_list INFO - Get the list of parent_file_id 617ca11a7cdca30d45b2474fa2ec2ee3e6566790.
2021-11-03 12:20:48 [main.py:23] cli INFO - Version:2.5.1
2021-11-03 12:20:48 [core.py:174] get_user_info INFO - Get user information.
2021-11-03 12:20:48 [core.py:510] get_access_token INFO - Get ACCESS_TOKEN.
2021-11-03 12:30:20 [main.py:23] cli INFO - Version:2.5.1
2021-11-03 12:30:20 [core.py:174] get_user_info INFO - Get user information.
2021-11-03 12:30:20 [core.py:510] get_access_token INFO - Get ACCESS_TOKEN.
2021-11-03 12:30:20 [core.py:101] get_file_list INFO - Get the list of parent_file_id root.
2021-11-03 12:30:21 [main.py:23] cli INFO - Version:2.5.1
2021-11-03 12:30:21 [core.py:174] get_user_info INFO - Get user information.
2021-11-03 12:30:21 [core.py:510] get_access_token INFO - Get ACCESS_TOKEN.
2021-11-03 12:30:21 [core.py:101] get_file_list INFO - Get the list of parent_file_id root.
2021-11-03 12:30:21 [core.py:101] get_file_list INFO - Get the list of parent_file_id 617ca15becc3c8265e074df8a6959eabf865988e.
2021-11-03 12:30:22 [main.py:23] cli INFO - Version:2.5.1
2021-11-03 12:30:22 [core.py:174] get_user_info INFO - Get user information.
2021-11-03 12:30:22 [core.py:510] get_access_token INFO - Get ACCESS_TOKEN.
2021-11-03 12:30:22 [core.py:101] get_file_list INFO - Get the list of parent_file_id root.
2021-11-03 12:30:22 [core.py:101] get_file_list INFO - Get the list of parent_file_id 617ca15becc3c8265e074df8a6959eabf865988e.
2021-11-03 12:30:23 [core.py:101] get_file_list INFO - Get the list of parent_file_id 617ca11a7cdca30d45b2474fa2ec2ee3e6566790.
2021-11-03 12:30:23 [main.py:23] cli INFO - Version:2.5.1
2021-11-03 12:30:23 [core.py:174] get_user_info INFO - Get user information.
2021-11-03 12:30:23 [core.py:510] get_access_token INFO - Get ACCESS_TOKEN.
2021-11-03 12:30:24 [core.py:101] get_file_list INFO - Get the list of parent_file_id root.
2021-11-03 12:30:24 [core.py:101] get_file_list INFO - Get the list of parent_file_id 617ca15becc3c8265e074df8a6959eabf865988e.
2021-11-03 12:30:24 [main.py:23] cli INFO - Version:2.5.1
2021-11-03 12:30:24 [core.py:174] get_user_info INFO - Get user information.
2021-11-03 12:30:24 [core.py:510] get_access_token INFO - Get ACCESS_TOKEN.
2021-11-03 12:30:25 [core.py:101] get_file_list INFO - Get the list of parent_file_id root.
2021-11-03 12:30:25 [core.py:101] get_file_list INFO - Get the list of parent_file_id 617ca15becc3c8265e074df8a6959eabf865988e.
2021-11-03 12:30:25 [core.py:101] get_file_list INFO - Get the list of parent_file_id 617ca11a7cdca30d45b2474fa2ec2ee3e6566790.
2021-11-03 12:30:25 [core.py:101] get_file_list INFO - Get the list of parent_file_id 617ff6a36980671ebd34441bbcf57a7213cdf792.
2021-11-03 12:30:25 [core.py:218] create_file INFO - Create file Sirius_20.9.4 in file 617ff6a36980671ebd34441bbcf57a7213cdf792.
2021-11-03 12:30:26 [main.py:23] cli INFO - Version:2.5.1
2021-11-03 12:30:26 [core.py:174] get_user_info INFO - Get user information.
2021-11-03 12:30:26 [core.py:510] get_access_token INFO - Get ACCESS_TOKEN.
2021-11-03 12:30:26 [core.py:101] get_file_list INFO - Get the list of parent_file_id root.
2021-11-03 12:30:27 [core.py:101] get_file_list INFO - Get the list of parent_file_id 617ca15becc3c8265e074df8a6959eabf865988e.
2021-11-03 12:30:27 [core.py:101] get_file_list INFO - Get the list of parent_file_id 617ca11a7cdca30d45b2474fa2ec2ee3e6566790.
2021-11-03 12:30:27 [core.py:101] get_file_list INFO - Get the list of parent_file_id 617ff6a36980671ebd34441bbcf57a7213cdf792.
2021-11-03 12:30:27 [core.py:101] get_file_list INFO - Get the list of parent_file_id 618280e2ea5aafe64a7a4945b9e84b33da10c5dd.
2021-11-03 12:30:27 [core.py:101] get_file_list INFO - Get the list of parent_file_id 618280e2ea5aafe64a7a4945b9e84b33da10c5dd.
2021-11-03 12:30:27 [core.py:218] create_file INFO - Create file Output in file 618280e2ea5aafe64a7a4945b9e84b33da10c5dd.
2021-11-03 12:30:27 [utils.py:30] get_sha1 INFO - Calculate sha1 of file /home/hais1992/xxxxxxx/Bin/../Output/log.txt.
2021-11-03 12:30:27 [utils.py:49] get_sha1 INFO - The SHA1 of file /home/hais1992/xxxxxxx/Bin/../Output/log.txt is 430f40fd021d85e9059517924931644f91fc76dc.
2021-11-03 12:30:27 [core.py:218] create_file INFO - Create file log.txt in file 618280e3d6cc9d48037844a999429b19fb2a0424.
2021-11-03 12:30:28 [utils.py:30] get_sha1 INFO - Calculate sha1 of file /home/hais1992/xxxxxxx/Bin/../Output/Readme.md.
2021-11-03 12:30:28 [utils.py:49] get_sha1 INFO - The SHA1 of file /home/hais1992/xxxxxxx/Bin/../Output/Readme.md is c43653eec53008e2da734b3052ad9cfad9887da7.
2021-11-03 12:30:28 [core.py:218] create_file INFO - Create file Readme.md in file 618280e3d6cc9d48037844a999429b19fb2a0424.
2021-11-03 12:30:28 [utils.py:30] get_sha1 INFO - Calculate sha1 of file /home/hais1992/xxxxxxx/Bin/../Output/HaisV3_Sirius20.9.4(1103)_6466.zip.
2021-11-03 12:30:29 [utils.py:49] get_sha1 INFO - The SHA1 of file /home/hais1992/xxxxxxx/Bin/../Output/HaisV3_Sirius20.9.4(1103)_6466.zip is b474586a227f9c34f0d39efa4158392842bde4b2.
2021-11-03 12:30:29 [core.py:218] create_file INFO - Create file HaisV3_Sirius20.9.4(1103)_6466.zip in file 618280e3d6cc9d48037844a999429b19fb2a0424.
